<?xml version="1.0" encoding="UTF-8"?>
<!-- Generated by org.testng.reporters.JUnitXMLReporter -->
<testsuite ignored="0" hostname="LAPTOP-2UTCAUMC" failures="0" tests="6" name="Default test" time="45.98" errors="0" timestamp="2021-12-23T10:24:34 IST">
  <testcase classname="Test.Udacity_SignInTestCases" name="ValidateCorrectEmailCorrectPassword" time="0.898"/>
  <testcase classname="Test.Udacity_SignInTestCases" name="ValidateCorrectEmailIncorrectPassword" time="1.588"/>
  <testcase classname="Test.Udacity_SignInTestCases" name="ValidateIncorrectEmailCorrectPassword" time="1.871"/>
  <testcase classname="Test.Udacity_SignInTestCases" name="Validate_ErrorForBlankEmailPassword" time="0.742"/>
  <testcase classname="Test.Udacity_SignInTestCases" name="Validate_URL" time="0.01"/>
  <testcase classname="Test.Udacity_CoursesCartTestcase" name="HomeCoursesaddtioninCart" time="7.297"/>
</testsuite> <!-- Default test -->
