<?xml version="1.0" encoding="UTF-8"?>
<!-- Generated by org.testng.reporters.JUnitXMLReporter -->
<testsuite ignored="0" hostname="LAPTOP-2UTCAUMC" failures="0" tests="5" name="Test2" time="35.071" errors="0" timestamp="2021-11-17T11:12:36 IST">
  <testcase classname="Test.Udacity_SignInTestCases" name="ValidateCorrectEmailCorrectPassword" time="0.387"/>
  <testcase classname="Test.Udacity_SignInTestCases" name="ValidateCorrectEmailIncorrectPassword" time="1.366"/>
  <testcase classname="Test.Udacity_SignInTestCases" name="ValidateIncorrectEmailCorrectPassword" time="1.125"/>
  <testcase classname="Test.Udacity_SignInTestCases" name="Validate_ErrorForBlankEmailPassword" time="0.325"/>
  <testcase classname="Test.Udacity_SignInTestCases" name="Validate_URL" time="0.008"/>
</testsuite> <!-- Test2 -->
